<?xml version="1.0" encoding="UTF-8"?>
<!-- Generated by org.testng.reporters.JUnitReportReporter -->
<testsuite hostname="Gana-HP" failures="0" tests="1" name="fitPeoScripts.FitPeoTest" time="11.870" errors="0" timestamp="2024-08-05T00:23:17 IST" skipped="0">
  <testcase classname="fitPeoScripts.FitPeoTest" name="testScripts" time="11.870"/>
  <system-out/>
</testsuite> <!-- fitPeoScripts.FitPeoTest -->
